2019-10-10 10:35:09 o.s.b.d.LoggingFailureAnalysisReporter - 

***************************
APPLICATION FAILED TO START
***************************

Description:

Parameter 1 of method gridFsTemplate in org.springframework.boot.autoconfigure.data.mongo.MongoDataAutoConfiguration required a single bean, but 2 were found:
	- primaryMongoTemplate: defined by method 'getMongoTemplate' in class path resource [com/example/demo/config/PrimaryMongoConfig.class]
	- secondaryMongoTemplate: defined by method 'getMongoTemplate' in class path resource [com/example/demo/config/SecondaryMongoConfig.class]


Action:

Consider marking one of the beans as @Primary, updating the consumer to accept multiple beans, or using @Qualifier to identify the bean that should be consumed

2019-10-10 10:52:35 o.s.b.d.LoggingFailureAnalysisReporter - 

***************************
APPLICATION FAILED TO START
***************************

Description:

Field mongoServerImpl in com.example.demo.com.example.mysqlservers.controller.Test required a bean of type 'com.example.demo.serviceImpl.MongoServerImpl' that could not be found.


Action:

Consider defining a bean of type 'com.example.demo.serviceImpl.MongoServerImpl' in your configuration.

2019-10-10 10:53:06 o.s.b.d.LoggingFailureAnalysisReporter - 

***************************
APPLICATION FAILED TO START
***************************

Description:

Field mongoServerImpl in com.example.demo.com.example.mysqlservers.controller.Test required a bean of type 'com.example.demo.serviceImpl.MongoServerImpl' that could not be found.


Action:

Consider defining a bean of type 'com.example.demo.serviceImpl.MongoServerImpl' in your configuration.

